0 info it worked if it ends with ok
1 verbose cli [ 'C:\\Program Files\\nodejs\\node.exe',
1 verbose cli   'C:\\Program Files\\nodejs\\node_modules\\npm\\bin\\npm-cli.js',
1 verbose cli   'install',
1 verbose cli   '--save',
1 verbose cli   'asyncawait' ]
2 info using npm@3.10.10
3 info using node@v6.11.3
4 silly loadCurrentTree Starting
5 silly install loadCurrentTree
6 silly install readLocalPackageData
7 silly fetchPackageMetaData asyncawait
8 silly fetchNamedPackageData asyncawait
9 silly mapToRegistry name asyncawait
10 silly mapToRegistry using default registry
11 silly mapToRegistry registry https://registry.npmjs.org/
12 silly mapToRegistry data Result {
12 silly mapToRegistry   raw: 'asyncawait',
12 silly mapToRegistry   scope: null,
12 silly mapToRegistry   escapedName: 'asyncawait',
12 silly mapToRegistry   name: 'asyncawait',
12 silly mapToRegistry   rawSpec: '',
12 silly mapToRegistry   spec: 'latest',
12 silly mapToRegistry   type: 'tag' }
13 silly mapToRegistry uri https://registry.npmjs.org/asyncawait
14 verbose request uri https://registry.npmjs.org/asyncawait
15 verbose request no auth needed
16 info attempt registry request try #1 at 16:06:40
17 verbose request id af955338a3f3f828
18 verbose etag W/"4ea42addb5add8e54d923bedc6bd3cb1"
19 verbose lastModified Mon, 13 Jun 2022 03:38:45 GMT
20 http request GET https://registry.npmjs.org/asyncawait
21 http 304 https://registry.npmjs.org/asyncawait
22 verbose headers { date: 'Fri, 22 Jul 2022 13:06:40 GMT',
22 verbose headers   connection: 'keep-alive',
22 verbose headers   'cf-ray': '72ec651deb8d787b-VIE',
22 verbose headers   age: '246',
22 verbose headers   'cache-control': 'public, max-age=300',
22 verbose headers   etag: '"4ea42addb5add8e54d923bedc6bd3cb1"',
22 verbose headers   'last-modified': 'Mon, 13 Jun 2022 03:38:45 GMT',
22 verbose headers   vary: 'Accept-Encoding',
22 verbose headers   'cf-cache-status': 'HIT',
22 verbose headers   'expect-ct': 'max-age=604800, report-uri="https://report-uri.cloudflare.com/cdn-cgi/beacon/expect-ct"',
22 verbose headers   'x-amz-replication-status': 'COMPLETED',
22 verbose headers   server: 'cloudflare' }
23 silly get cb [ 304,
23 silly get   { date: 'Fri, 22 Jul 2022 13:06:40 GMT',
23 silly get     connection: 'keep-alive',
23 silly get     'cf-ray': '72ec651deb8d787b-VIE',
23 silly get     age: '246',
23 silly get     'cache-control': 'public, max-age=300',
23 silly get     etag: '"4ea42addb5add8e54d923bedc6bd3cb1"',
23 silly get     'last-modified': 'Mon, 13 Jun 2022 03:38:45 GMT',
23 silly get     vary: 'Accept-Encoding',
23 silly get     'cf-cache-status': 'HIT',
23 silly get     'expect-ct': 'max-age=604800, report-uri="https://report-uri.cloudflare.com/cdn-cgi/beacon/expect-ct"',
23 silly get     'x-amz-replication-status': 'COMPLETED',
23 silly get     server: 'cloudflare' } ]
24 verbose etag https://registry.npmjs.org/asyncawait from cache
25 verbose get saving asyncawait to C:\Users\daksoy\AppData\Roaming\npm-cache\registry.npmjs.org\asyncawait\.cache.json
26 verbose correctMkdir C:\Users\daksoy\AppData\Roaming\npm-cache correctMkdir not in flight; initializing
27 silly install normalizeTree
28 silly loadCurrentTree Finishing
29 silly loadIdealTree Starting
30 silly install loadIdealTree
31 silly cloneCurrentTree Starting
32 silly install cloneCurrentTreeToIdealTree
33 silly cloneCurrentTree Finishing
34 silly loadShrinkwrap Starting
35 silly install loadShrinkwrap
36 silly loadShrinkwrap Finishing
37 silly loadAllDepsIntoIdealTree Starting
38 silly install loadAllDepsIntoIdealTree
39 silly resolveWithNewModule asyncawait@3.0.0 checking installable status
40 silly cache add args [ 'asyncawait', null ]
41 verbose cache add spec asyncawait
42 silly cache add parsed spec Result {
42 silly cache add   raw: 'asyncawait',
42 silly cache add   scope: null,
42 silly cache add   escapedName: 'asyncawait',
42 silly cache add   name: 'asyncawait',
42 silly cache add   rawSpec: '',
42 silly cache add   spec: 'latest',
42 silly cache add   type: 'tag' }
43 silly addNamed asyncawait@latest
44 verbose addNamed "latest" is being treated as a dist-tag for asyncawait
45 info addNameTag [ 'asyncawait', 'latest' ]
46 silly mapToRegistry name asyncawait
47 silly mapToRegistry using default registry
48 silly mapToRegistry registry https://registry.npmjs.org/
49 silly mapToRegistry data Result {
49 silly mapToRegistry   raw: 'asyncawait',
49 silly mapToRegistry   scope: null,
49 silly mapToRegistry   escapedName: 'asyncawait',
49 silly mapToRegistry   name: 'asyncawait',
49 silly mapToRegistry   rawSpec: '',
49 silly mapToRegistry   spec: 'latest',
49 silly mapToRegistry   type: 'tag' }
50 silly mapToRegistry uri https://registry.npmjs.org/asyncawait
51 verbose addNameTag registry:https://registry.npmjs.org/asyncawait not in flight; fetching
52 verbose get https://registry.npmjs.org/asyncawait not expired, no request
53 silly addNameTag next cb for asyncawait with tag latest
54 silly addNamed asyncawait@3.0.0
55 verbose addNamed "3.0.0" is a plain semver version for asyncawait
56 silly cache afterAdd asyncawait@3.0.0
57 verbose afterAdd C:\Users\daksoy\AppData\Roaming\npm-cache\asyncawait\3.0.0\package\package.json not in flight; writing
58 verbose correctMkdir C:\Users\daksoy\AppData\Roaming\npm-cache correctMkdir not in flight; initializing
59 verbose afterAdd C:\Users\daksoy\AppData\Roaming\npm-cache\asyncawait\3.0.0\package\package.json written
60 silly fetchNamedPackageData fibers
61 silly mapToRegistry name fibers
62 silly mapToRegistry using default registry
63 silly mapToRegistry registry https://registry.npmjs.org/
64 silly mapToRegistry data Result {
64 silly mapToRegistry   raw: 'fibers',
64 silly mapToRegistry   scope: null,
64 silly mapToRegistry   escapedName: 'fibers',
64 silly mapToRegistry   name: 'fibers',
64 silly mapToRegistry   rawSpec: '',
64 silly mapToRegistry   spec: 'latest',
64 silly mapToRegistry   type: 'tag' }
65 silly mapToRegistry uri https://registry.npmjs.org/fibers
66 verbose request uri https://registry.npmjs.org/fibers
67 verbose request no auth needed
68 info attempt registry request try #1 at 16:06:41
69 verbose etag W/"edd4e50891d4319236d458cfbcc89cc6"
70 verbose lastModified Thu, 30 Jun 2022 12:12:09 GMT
71 http request GET https://registry.npmjs.org/fibers
72 http 304 https://registry.npmjs.org/fibers
73 verbose headers { date: 'Fri, 22 Jul 2022 13:06:41 GMT',
73 verbose headers   connection: 'keep-alive',
73 verbose headers   'cf-ray': '72ec651f787b787b-VIE',
73 verbose headers   age: '245',
73 verbose headers   'cache-control': 'public, max-age=300',
73 verbose headers   etag: '"edd4e50891d4319236d458cfbcc89cc6"',
73 verbose headers   'last-modified': 'Thu, 30 Jun 2022 12:12:09 GMT',
73 verbose headers   vary: 'Accept-Encoding',
73 verbose headers   'cf-cache-status': 'HIT',
73 verbose headers   'expect-ct': 'max-age=604800, report-uri="https://report-uri.cloudflare.com/cdn-cgi/beacon/expect-ct"',
73 verbose headers   'x-amz-replication-status': 'COMPLETED',
73 verbose headers   server: 'cloudflare' }
74 silly get cb [ 304,
74 silly get   { date: 'Fri, 22 Jul 2022 13:06:41 GMT',
74 silly get     connection: 'keep-alive',
74 silly get     'cf-ray': '72ec651f787b787b-VIE',
74 silly get     age: '245',
74 silly get     'cache-control': 'public, max-age=300',
74 silly get     etag: '"edd4e50891d4319236d458cfbcc89cc6"',
74 silly get     'last-modified': 'Thu, 30 Jun 2022 12:12:09 GMT',
74 silly get     vary: 'Accept-Encoding',
74 silly get     'cf-cache-status': 'HIT',
74 silly get     'expect-ct': 'max-age=604800, report-uri="https://report-uri.cloudflare.com/cdn-cgi/beacon/expect-ct"',
74 silly get     'x-amz-replication-status': 'COMPLETED',
74 silly get     server: 'cloudflare' } ]
75 verbose etag https://registry.npmjs.org/fibers from cache
76 verbose get saving fibers to C:\Users\daksoy\AppData\Roaming\npm-cache\registry.npmjs.org\fibers\.cache.json
77 verbose correctMkdir C:\Users\daksoy\AppData\Roaming\npm-cache correctMkdir not in flight; initializing
78 silly resolveWithNewModule fibers@4.0.3 checking installable status
79 silly cache add args [ 'fibers@^4.0.2', null ]
80 verbose cache add spec fibers@^4.0.2
81 silly cache add parsed spec Result {
81 silly cache add   raw: 'fibers@^4.0.2',
81 silly cache add   scope: null,
81 silly cache add   escapedName: 'fibers',
81 silly cache add   name: 'fibers',
81 silly cache add   rawSpec: '^4.0.2',
81 silly cache add   spec: '>=4.0.2 <5.0.0',
81 silly cache add   type: 'range' }
82 silly addNamed fibers@>=4.0.2 <5.0.0
83 verbose addNamed ">=4.0.2 <5.0.0" is a valid semver range for fibers
84 silly addNameRange { name: 'fibers', range: '>=4.0.2 <5.0.0', hasData: false }
85 silly mapToRegistry name fibers
86 silly mapToRegistry using default registry
87 silly mapToRegistry registry https://registry.npmjs.org/
88 silly mapToRegistry data Result {
88 silly mapToRegistry   raw: 'fibers',
88 silly mapToRegistry   scope: null,
88 silly mapToRegistry   escapedName: 'fibers',
88 silly mapToRegistry   name: 'fibers',
88 silly mapToRegistry   rawSpec: '',
88 silly mapToRegistry   spec: 'latest',
88 silly mapToRegistry   type: 'tag' }
89 silly mapToRegistry uri https://registry.npmjs.org/fibers
90 verbose addNameRange registry:https://registry.npmjs.org/fibers not in flight; fetching
91 verbose get https://registry.npmjs.org/fibers not expired, no request
92 silly addNameRange number 2 { name: 'fibers', range: '>=4.0.2 <5.0.0', hasData: true }
93 silly addNameRange versions [ 'fibers',
93 silly addNameRange   [ '0.1.0',
93 silly addNameRange     '0.1.1',
93 silly addNameRange     '0.1.2',
93 silly addNameRange     '0.1.3',
93 silly addNameRange     '0.1.4',
93 silly addNameRange     '0.1.6',
93 silly addNameRange     '0.1.7',
93 silly addNameRange     '0.1.8',
93 silly addNameRange     '0.2.0',
93 silly addNameRange     '0.2.1',
93 silly addNameRange     '0.2.2',
93 silly addNameRange     '0.2.3',
93 silly addNameRange     '0.2.4',
93 silly addNameRange     '0.2.5',
93 silly addNameRange     '0.2.6',
93 silly addNameRange     '0.5.0',
93 silly addNameRange     '0.6.0',
93 silly addNameRange     '0.5.1',
93 silly addNameRange     '0.6.1',
93 silly addNameRange     '0.6.2',
93 silly addNameRange     '0.6.3',
93 silly addNameRange     '0.6.4',
93 silly addNameRange     '0.6.5',
93 silly addNameRange     '0.6.6',
93 silly addNameRange     '0.6.7',
93 silly addNameRange     '0.6.8',
93 silly addNameRange     '0.6.9',
93 silly addNameRange     '1.0.0',
93 silly addNameRange     '1.0.1',
93 silly addNameRange     '1.0.2',
93 silly addNameRange     '1.0.4',
93 silly addNameRange     '1.0.5',
93 silly addNameRange     '1.0.6-b',
93 silly addNameRange     '1.0.7',
93 silly addNameRange     '1.0.8',
93 silly addNameRange     '1.0.9',
93 silly addNameRange     '1.0.10',
93 silly addNameRange     '1.0.11',
93 silly addNameRange     '1.0.12',
93 silly addNameRange     '1.0.13',
93 silly addNameRange     '1.0.14',
93 silly addNameRange     '1.0.15',
93 silly addNameRange     '2.0.0',
93 silly addNameRange     '2.0.1',
93 silly addNameRange     '2.0.2',
93 silly addNameRange     '3.0.0',
93 silly addNameRange     '3.1.0',
93 silly addNameRange     '3.1.1',
93 silly addNameRange     '4.0.0',
93 silly addNameRange     '4.0.1',
93 silly addNameRange     '4.0.2',
93 silly addNameRange     '4.0.3',
93 silly addNameRange     '5.0.0',
93 silly addNameRange     '5.0.1' ] ]
94 silly addNamed fibers@4.0.3
95 verbose addNamed "4.0.3" is a plain semver version for fibers
96 silly cache afterAdd fibers@4.0.3
97 verbose afterAdd C:\Users\daksoy\AppData\Roaming\npm-cache\fibers\4.0.3\package\package.json not in flight; writing
98 verbose correctMkdir C:\Users\daksoy\AppData\Roaming\npm-cache correctMkdir not in flight; initializing
99 verbose afterAdd C:\Users\daksoy\AppData\Roaming\npm-cache\fibers\4.0.3\package\package.json written
100 silly fetchNamedPackageData detect-libc
101 silly mapToRegistry name detect-libc
102 silly mapToRegistry using default registry
103 silly mapToRegistry registry https://registry.npmjs.org/
104 silly mapToRegistry data Result {
104 silly mapToRegistry   raw: 'detect-libc',
104 silly mapToRegistry   scope: null,
104 silly mapToRegistry   escapedName: 'detect-libc',
104 silly mapToRegistry   name: 'detect-libc',
104 silly mapToRegistry   rawSpec: '',
104 silly mapToRegistry   spec: 'latest',
104 silly mapToRegistry   type: 'tag' }
105 silly mapToRegistry uri https://registry.npmjs.org/detect-libc
106 verbose request uri https://registry.npmjs.org/detect-libc
107 verbose request no auth needed
108 info attempt registry request try #1 at 16:06:41
109 verbose etag W/"6abe95343d15c76d2396376bfaf13de1"
110 verbose lastModified Wed, 15 Jun 2022 01:57:08 GMT
111 http request GET https://registry.npmjs.org/detect-libc
112 http 304 https://registry.npmjs.org/detect-libc
113 verbose headers { date: 'Fri, 22 Jul 2022 13:06:41 GMT',
113 verbose headers   connection: 'keep-alive',
113 verbose headers   'cf-ray': '72ec6520ec83787b-VIE',
113 verbose headers   age: '139',
113 verbose headers   'cache-control': 'public, max-age=300',
113 verbose headers   etag: '"6abe95343d15c76d2396376bfaf13de1"',
113 verbose headers   'last-modified': 'Wed, 15 Jun 2022 01:57:08 GMT',
113 verbose headers   vary: 'Accept-Encoding',
113 verbose headers   'cf-cache-status': 'HIT',
113 verbose headers   'expect-ct': 'max-age=604800, report-uri="https://report-uri.cloudflare.com/cdn-cgi/beacon/expect-ct"',
113 verbose headers   'x-amz-replication-status': 'COMPLETED',
113 verbose headers   server: 'cloudflare' }
114 silly get cb [ 304,
114 silly get   { date: 'Fri, 22 Jul 2022 13:06:41 GMT',
114 silly get     connection: 'keep-alive',
114 silly get     'cf-ray': '72ec6520ec83787b-VIE',
114 silly get     age: '139',
114 silly get     'cache-control': 'public, max-age=300',
114 silly get     etag: '"6abe95343d15c76d2396376bfaf13de1"',
114 silly get     'last-modified': 'Wed, 15 Jun 2022 01:57:08 GMT',
114 silly get     vary: 'Accept-Encoding',
114 silly get     'cf-cache-status': 'HIT',
114 silly get     'expect-ct': 'max-age=604800, report-uri="https://report-uri.cloudflare.com/cdn-cgi/beacon/expect-ct"',
114 silly get     'x-amz-replication-status': 'COMPLETED',
114 silly get     server: 'cloudflare' } ]
115 verbose etag https://registry.npmjs.org/detect-libc from cache
116 verbose get saving detect-libc to C:\Users\daksoy\AppData\Roaming\npm-cache\registry.npmjs.org\detect-libc\.cache.json
117 verbose correctMkdir C:\Users\daksoy\AppData\Roaming\npm-cache correctMkdir not in flight; initializing
118 silly resolveWithNewModule detect-libc@1.0.3 checking installable status
119 silly cache add args [ 'detect-libc@^1.0.3', null ]
120 verbose cache add spec detect-libc@^1.0.3
121 silly cache add parsed spec Result {
121 silly cache add   raw: 'detect-libc@^1.0.3',
121 silly cache add   scope: null,
121 silly cache add   escapedName: 'detect-libc',
121 silly cache add   name: 'detect-libc',
121 silly cache add   rawSpec: '^1.0.3',
121 silly cache add   spec: '>=1.0.3 <2.0.0',
121 silly cache add   type: 'range' }
122 silly addNamed detect-libc@>=1.0.3 <2.0.0
123 verbose addNamed ">=1.0.3 <2.0.0" is a valid semver range for detect-libc
124 silly addNameRange { name: 'detect-libc', range: '>=1.0.3 <2.0.0', hasData: false }
125 silly mapToRegistry name detect-libc
126 silly mapToRegistry using default registry
127 silly mapToRegistry registry https://registry.npmjs.org/
128 silly mapToRegistry data Result {
128 silly mapToRegistry   raw: 'detect-libc',
128 silly mapToRegistry   scope: null,
128 silly mapToRegistry   escapedName: 'detect-libc',
128 silly mapToRegistry   name: 'detect-libc',
128 silly mapToRegistry   rawSpec: '',
128 silly mapToRegistry   spec: 'latest',
128 silly mapToRegistry   type: 'tag' }
129 silly mapToRegistry uri https://registry.npmjs.org/detect-libc
130 verbose addNameRange registry:https://registry.npmjs.org/detect-libc not in flight; fetching
131 verbose get https://registry.npmjs.org/detect-libc not expired, no request
132 silly addNameRange number 2 { name: 'detect-libc', range: '>=1.0.3 <2.0.0', hasData: true }
133 silly addNameRange versions [ 'detect-libc',
133 silly addNameRange   [ '0.0.1',
133 silly addNameRange     '0.0.2',
133 silly addNameRange     '0.0.3',
133 silly addNameRange     '0.0.4',
133 silly addNameRange     '0.0.5',
133 silly addNameRange     '0.0.6',
133 silly addNameRange     '0.0.7',
133 silly addNameRange     '0.0.8',
133 silly addNameRange     '0.1.0',
133 silly addNameRange     '0.2.0',
133 silly addNameRange     '1.0.0',
133 silly addNameRange     '1.0.1',
133 silly addNameRange     '1.0.2',
133 silly addNameRange     '1.0.3',
133 silly addNameRange     '2.0.0',
133 silly addNameRange     '2.0.1' ] ]
134 silly addNamed detect-libc@1.0.3
135 verbose addNamed "1.0.3" is a plain semver version for detect-libc
136 silly cache afterAdd detect-libc@1.0.3
137 verbose afterAdd C:\Users\daksoy\AppData\Roaming\npm-cache\detect-libc\1.0.3\package\package.json not in flight; writing
138 verbose correctMkdir C:\Users\daksoy\AppData\Roaming\npm-cache correctMkdir not in flight; initializing
139 verbose afterAdd C:\Users\daksoy\AppData\Roaming\npm-cache\detect-libc\1.0.3\package\package.json written
140 silly loadAllDepsIntoIdealTree Finishing
141 silly loadIdealTree Finishing
142 silly currentTree extension@1.0.0
142 silly currentTree +-- accepts@1.3.8
142 silly currentTree +-- array-flatten@1.1.1
142 silly currentTree +-- bluebird@3.7.2
142 silly currentTree +-- body-parser@1.20.0
142 silly currentTree +-- bytes@3.1.2
142 silly currentTree +-- call-bind@1.0.2
142 silly currentTree +-- content-disposition@0.5.4
142 silly currentTree +-- content-type@1.0.4
142 silly currentTree +-- cookie-signature@1.0.6
142 silly currentTree +-- cookie@0.5.0
142 silly currentTree +-- cors@2.8.5
142 silly currentTree +-- debug@2.6.9
142 silly currentTree +-- depd@2.0.0
142 silly currentTree +-- destroy@1.2.0
142 silly currentTree +-- ee-first@1.1.1
142 silly currentTree +-- encodeurl@1.0.2
142 silly currentTree +-- escape-html@1.0.3
142 silly currentTree +-- etag@1.8.1
142 silly currentTree +-- express@4.18.1
142 silly currentTree +-- finalhandler@1.2.0
142 silly currentTree +-- forwarded@0.2.0
142 silly currentTree +-- fresh@0.5.2
142 silly currentTree +-- function-bind@1.1.1
142 silly currentTree +-- get-intrinsic@1.1.2
142 silly currentTree +-- has-symbols@1.0.3
142 silly currentTree +-- has@1.0.3
142 silly currentTree +-- http-errors@2.0.0
142 silly currentTree +-- iconv-lite@0.4.24
142 silly currentTree +-- inherits@2.0.4
142 silly currentTree +-- ipaddr.js@1.9.1
142 silly currentTree +-- lodash@4.17.21
142 silly currentTree +-- media-typer@0.3.0
142 silly currentTree +-- merge-descriptors@1.0.1
142 silly currentTree +-- methods@1.1.2
142 silly currentTree +-- mime-db@1.52.0
142 silly currentTree +-- mime-types@2.1.35
142 silly currentTree +-- mime@1.6.0
142 silly currentTree +-- ms@2.0.0
142 silly currentTree +-- negotiator@0.6.3
142 silly currentTree +-- object-assign@4.1.1
142 silly currentTree +-- object-inspect@1.12.2
142 silly currentTree +-- on-finished@2.4.1
142 silly currentTree +-- parseurl@1.3.3
142 silly currentTree +-- path-to-regexp@0.1.7
142 silly currentTree +-- proxy-addr@2.0.7
142 silly currentTree +-- qs@6.10.3
142 silly currentTree +-- range-parser@1.2.1
142 silly currentTree +-- raw-body@2.5.1
142 silly currentTree +-- safe-buffer@5.2.1
142 silly currentTree +-- safer-buffer@2.1.2
142 silly currentTree +-- send@0.18.0
142 silly currentTree | `-- ms@2.1.3
142 silly currentTree +-- serve-static@1.15.0
142 silly currentTree +-- setprototypeof@1.2.0
142 silly currentTree +-- side-channel@1.0.4
142 silly currentTree +-- statuses@2.0.1
142 silly currentTree +-- toidentifier@1.0.1
142 silly currentTree +-- type-is@1.6.18
142 silly currentTree +-- unpipe@1.0.0
142 silly currentTree +-- utils-merge@1.0.1
142 silly currentTree `-- vary@1.1.2
143 silly idealTree extension@1.0.0
143 silly idealTree +-- accepts@1.3.8
143 silly idealTree +-- array-flatten@1.1.1
143 silly idealTree +-- asyncawait@3.0.0
143 silly idealTree +-- bluebird@3.7.2
143 silly idealTree +-- body-parser@1.20.0
143 silly idealTree +-- bytes@3.1.2
143 silly idealTree +-- call-bind@1.0.2
143 silly idealTree +-- content-disposition@0.5.4
143 silly idealTree +-- content-type@1.0.4
143 silly idealTree +-- cookie-signature@1.0.6
143 silly idealTree +-- cookie@0.5.0
143 silly idealTree +-- cors@2.8.5
143 silly idealTree +-- debug@2.6.9
143 silly idealTree +-- depd@2.0.0
143 silly idealTree +-- destroy@1.2.0
143 silly idealTree +-- detect-libc@1.0.3
143 silly idealTree +-- ee-first@1.1.1
143 silly idealTree +-- encodeurl@1.0.2
143 silly idealTree +-- escape-html@1.0.3
143 silly idealTree +-- etag@1.8.1
143 silly idealTree +-- express@4.18.1
143 silly idealTree +-- fibers@4.0.3
143 silly idealTree +-- finalhandler@1.2.0
143 silly idealTree +-- forwarded@0.2.0
143 silly idealTree +-- fresh@0.5.2
143 silly idealTree +-- function-bind@1.1.1
143 silly idealTree +-- get-intrinsic@1.1.2
143 silly idealTree +-- has-symbols@1.0.3
143 silly idealTree +-- has@1.0.3
143 silly idealTree +-- http-errors@2.0.0
143 silly idealTree +-- iconv-lite@0.4.24
143 silly idealTree +-- inherits@2.0.4
143 silly idealTree +-- ipaddr.js@1.9.1
143 silly idealTree +-- lodash@4.17.21
143 silly idealTree +-- media-typer@0.3.0
143 silly idealTree +-- merge-descriptors@1.0.1
143 silly idealTree +-- methods@1.1.2
143 silly idealTree +-- mime-db@1.52.0
143 silly idealTree +-- mime-types@2.1.35
143 silly idealTree +-- mime@1.6.0
143 silly idealTree +-- ms@2.0.0
143 silly idealTree +-- negotiator@0.6.3
143 silly idealTree +-- object-assign@4.1.1
143 silly idealTree +-- object-inspect@1.12.2
143 silly idealTree +-- on-finished@2.4.1
143 silly idealTree +-- parseurl@1.3.3
143 silly idealTree +-- path-to-regexp@0.1.7
143 silly idealTree +-- proxy-addr@2.0.7
143 silly idealTree +-- qs@6.10.3
143 silly idealTree +-- range-parser@1.2.1
143 silly idealTree +-- raw-body@2.5.1
143 silly idealTree +-- safe-buffer@5.2.1
143 silly idealTree +-- safer-buffer@2.1.2
143 silly idealTree +-- send@0.18.0
143 silly idealTree | `-- ms@2.1.3
143 silly idealTree +-- serve-static@1.15.0
143 silly idealTree +-- setprototypeof@1.2.0
143 silly idealTree +-- side-channel@1.0.4
143 silly idealTree +-- statuses@2.0.1
143 silly idealTree +-- toidentifier@1.0.1
143 silly idealTree +-- type-is@1.6.18
143 silly idealTree +-- unpipe@1.0.0
143 silly idealTree +-- utils-merge@1.0.1
143 silly idealTree `-- vary@1.1.2
144 silly generateActionsToTake Starting
145 silly install generateActionsToTake
146 silly generateActionsToTake Finishing
147 silly diffTrees action count 3
148 silly diffTrees add detect-libc@1.0.3
149 silly diffTrees add fibers@4.0.3
150 silly diffTrees add asyncawait@3.0.0
151 silly decomposeActions action count 24
152 silly decomposeActions fetch detect-libc@1.0.3
153 silly decomposeActions extract detect-libc@1.0.3
154 silly decomposeActions test detect-libc@1.0.3
155 silly decomposeActions preinstall detect-libc@1.0.3
156 silly decomposeActions build detect-libc@1.0.3
157 silly decomposeActions install detect-libc@1.0.3
158 silly decomposeActions postinstall detect-libc@1.0.3
159 silly decomposeActions finalize detect-libc@1.0.3
160 silly decomposeActions fetch fibers@4.0.3
161 silly decomposeActions extract fibers@4.0.3
162 silly decomposeActions test fibers@4.0.3
163 silly decomposeActions preinstall fibers@4.0.3
164 silly decomposeActions build fibers@4.0.3
165 silly decomposeActions install fibers@4.0.3
166 silly decomposeActions postinstall fibers@4.0.3
167 silly decomposeActions finalize fibers@4.0.3
168 silly decomposeActions fetch asyncawait@3.0.0
169 silly decomposeActions extract asyncawait@3.0.0
170 silly decomposeActions test asyncawait@3.0.0
171 silly decomposeActions preinstall asyncawait@3.0.0
172 silly decomposeActions build asyncawait@3.0.0
173 silly decomposeActions install asyncawait@3.0.0
174 silly decomposeActions postinstall asyncawait@3.0.0
175 silly decomposeActions finalize asyncawait@3.0.0
176 silly runTopLevelLifecycles Starting
177 silly executeActions Starting
178 silly install executeActions
179 silly doSerial global-install 0
180 silly doParallel fetch 3
181 verbose correctMkdir C:\Users\daksoy\AppData\Roaming\npm-cache\_locks correctMkdir not in flight; initializing
182 verbose lock using C:\Users\daksoy\AppData\Roaming\npm-cache\_locks\staging-3073834e436e5b94.lock for C:\Users\daksoy\OneDrive - Amadeus Workplace\Desktop\extension\node_modules\.staging
183 silly doParallel extract 3
184 silly extract detect-libc@1.0.3
185 silly extract fibers@4.0.3
186 silly extract asyncawait@3.0.0
187 verbose unbuild node_modules\.staging\fibers-babcab2a
188 verbose unbuild node_modules\.staging\asyncawait-af33c38b
189 verbose unbuild node_modules\.staging\detect-libc-905bf450
190 silly gentlyRm C:\Users\daksoy\OneDrive - Amadeus Workplace\Desktop\extension\node_modules\.staging\fibers-babcab2a is being purged from base C:\Users\daksoy\OneDrive - Amadeus Workplace\Desktop\extension
191 verbose gentlyRm don't care about contents; nuking C:\Users\daksoy\OneDrive - Amadeus Workplace\Desktop\extension\node_modules\.staging\fibers-babcab2a
192 silly gentlyRm C:\Users\daksoy\OneDrive - Amadeus Workplace\Desktop\extension\node_modules\.staging\asyncawait-af33c38b is being purged from base C:\Users\daksoy\OneDrive - Amadeus Workplace\Desktop\extension
193 verbose gentlyRm don't care about contents; nuking C:\Users\daksoy\OneDrive - Amadeus Workplace\Desktop\extension\node_modules\.staging\asyncawait-af33c38b
194 verbose tar unpack C:\Users\daksoy\AppData\Roaming\npm-cache\fibers\4.0.3\package.tgz
195 verbose tar unpacking to C:\Users\daksoy\OneDrive - Amadeus Workplace\Desktop\extension\node_modules\.staging\fibers-babcab2a
196 silly gentlyRm C:\Users\daksoy\OneDrive - Amadeus Workplace\Desktop\extension\node_modules\.staging\fibers-babcab2a is being purged
197 verbose gentlyRm don't care about contents; nuking C:\Users\daksoy\OneDrive - Amadeus Workplace\Desktop\extension\node_modules\.staging\fibers-babcab2a
198 verbose tar unpack C:\Users\daksoy\AppData\Roaming\npm-cache\asyncawait\3.0.0\package.tgz
199 verbose tar unpacking to C:\Users\daksoy\OneDrive - Amadeus Workplace\Desktop\extension\node_modules\.staging\asyncawait-af33c38b
200 silly gentlyRm C:\Users\daksoy\OneDrive - Amadeus Workplace\Desktop\extension\node_modules\.staging\asyncawait-af33c38b is being purged
201 verbose gentlyRm don't care about contents; nuking C:\Users\daksoy\OneDrive - Amadeus Workplace\Desktop\extension\node_modules\.staging\asyncawait-af33c38b
202 silly gentlyRm C:\Users\daksoy\OneDrive - Amadeus Workplace\Desktop\extension\node_modules\.staging\detect-libc-905bf450 is being purged from base C:\Users\daksoy\OneDrive - Amadeus Workplace\Desktop\extension
203 verbose gentlyRm don't care about contents; nuking C:\Users\daksoy\OneDrive - Amadeus Workplace\Desktop\extension\node_modules\.staging\detect-libc-905bf450
204 silly gunzTarPerm modes [ '777', '666' ]
205 silly gunzTarPerm modes [ '777', '666' ]
206 verbose tar unpack C:\Users\daksoy\AppData\Roaming\npm-cache\detect-libc\1.0.3\package.tgz
207 verbose tar unpacking to C:\Users\daksoy\OneDrive - Amadeus Workplace\Desktop\extension\node_modules\.staging\detect-libc-905bf450
208 silly gentlyRm C:\Users\daksoy\OneDrive - Amadeus Workplace\Desktop\extension\node_modules\.staging\detect-libc-905bf450 is being purged
209 verbose gentlyRm don't care about contents; nuking C:\Users\daksoy\OneDrive - Amadeus Workplace\Desktop\extension\node_modules\.staging\detect-libc-905bf450
210 silly gunzTarPerm modes [ '777', '666' ]
211 silly gunzTarPerm extractEntry LICENSE
212 silly gunzTarPerm modified mode [ 'LICENSE', 420, 438 ]
213 silly gunzTarPerm extractEntry package.json
214 silly gunzTarPerm modified mode [ 'package.json', 436, 438 ]
215 silly gunzTarPerm extractEntry package.json
216 silly gunzTarPerm extractEntry src/libcoro/LICENSE
217 silly gunzTarPerm modified mode [ 'src/libcoro/LICENSE', 420, 438 ]
218 silly gunzTarPerm extractEntry src/libcoro/README
219 silly gunzTarPerm modified mode [ 'src/libcoro/README', 420, 438 ]
220 silly gunzTarPerm extractEntry .npmignore
221 silly gunzTarPerm modified mode [ '.npmignore', 436, 438 ]
222 silly gunzTarPerm extractEntry README.md
223 silly gunzTarPerm modified mode [ 'README.md', 420, 438 ]
224 silly gunzTarPerm extractEntry async.d.ts
225 silly gunzTarPerm extractEntry async.js
226 silly gunzTarPerm extractEntry await.d.ts
227 silly gunzTarPerm extractEntry await.js
228 silly gunzTarPerm extractEntry LICENSE
229 silly gunzTarPerm modified mode [ 'LICENSE', 436, 438 ]
230 silly gunzTarPerm extractEntry bin/detect-libc.js
231 silly gunzTarPerm modified mode [ 'bin/detect-libc.js', 509, 511 ]
232 silly gunzTarPerm extractEntry lib/detect-libc.js
233 silly gunzTarPerm modified mode [ 'lib/detect-libc.js', 436, 438 ]
234 silly gunzTarPerm extractEntry bin/repl
235 silly gunzTarPerm modified mode [ 'bin/repl', 493, 511 ]
236 silly gunzTarPerm extractEntry src/libcoro/conftest.c
237 silly gunzTarPerm modified mode [ 'src/libcoro/conftest.c', 420, 438 ]
238 silly gunzTarPerm extractEntry changelog.md
239 silly gunzTarPerm extractEntry index.d.ts
240 silly gunzTarPerm extractEntry src/libcoro/coro.c
241 silly gunzTarPerm modified mode [ 'src/libcoro/coro.c', 420, 438 ]
242 silly gunzTarPerm extractEntry src/coroutine.cc
243 silly gunzTarPerm modified mode [ 'src/coroutine.cc', 420, 438 ]
244 silly gunzTarPerm extractEntry src/fibers.cc
245 silly gunzTarPerm modified mode [ 'src/fibers.cc', 420, 438 ]
246 silly gunzTarPerm extractEntry binding.gyp
247 silly gunzTarPerm modified mode [ 'binding.gyp', 420, 438 ]
248 silly gunzTarPerm extractEntry src/libcoro/coro.h
249 silly gunzTarPerm modified mode [ 'src/libcoro/coro.h', 420, 438 ]
250 silly gunzTarPerm extractEntry src/coroutine.h
251 silly gunzTarPerm modified mode [ 'src/coroutine.h', 420, 438 ]
252 silly gunzTarPerm extractEntry src/v8-version.h
253 silly gunzTarPerm modified mode [ 'src/v8-version.h', 420, 438 ]
254 silly gunzTarPerm extractEntry test/already-running.js
255 silly gunzTarPerm modified mode [ 'test/already-running.js', 420, 438 ]
256 silly gunzTarPerm extractEntry test/async-hooks.js
257 silly gunzTarPerm modified mode [ 'test/async-hooks.js', 420, 438 ]
258 silly gunzTarPerm extractEntry test/bad-context.js
259 silly gunzTarPerm modified mode [ 'test/bad-context.js', 420, 438 ]
260 silly gunzTarPerm extractEntry build.js
261 silly gunzTarPerm modified mode [ 'build.js', 493, 511 ]
262 silly gunzTarPerm extractEntry test/child-process.js
263 silly gunzTarPerm modified mode [ 'test/child-process.js', 420, 438 ]
264 silly gunzTarPerm extractEntry test/cleanup.js
265 silly gunzTarPerm modified mode [ 'test/cleanup.js', 420, 438 ]
266 silly gunzTarPerm extractEntry test/current.js
267 silly gunzTarPerm modified mode [ 'test/current.js', 420, 438 ]
268 silly gunzTarPerm extractEntry test/exec.js
269 silly gunzTarPerm modified mode [ 'test/exec.js', 420, 438 ]
270 silly gunzTarPerm extractEntry test/exit.js
271 silly gunzTarPerm modified mode [ 'test/exit.js', 420, 438 ]
272 silly gunzTarPerm extractEntry fibers.js
273 silly gunzTarPerm modified mode [ 'fibers.js', 420, 438 ]
274 silly gunzTarPerm extractEntry test/fibonacci.js
275 silly gunzTarPerm modified mode [ 'test/fibonacci.js', 420, 438 ]
276 silly gunzTarPerm extractEntry test/finish-multiple.js
277 silly gunzTarPerm modified mode [ 'test/finish-multiple.js', 420, 438 ]
278 silly gunzTarPerm extractEntry test/future-exception.js
279 silly gunzTarPerm modified mode [ 'test/future-exception.js', 420, 438 ]
280 silly gunzTarPerm extractEntry future.js
281 silly gunzTarPerm modified mode [ 'future.js', 420, 438 ]
282 silly gunzTarPerm extractEntry test/future.js
283 silly gunzTarPerm modified mode [ 'test/future.js', 420, 438 ]
284 silly gunzTarPerm extractEntry index.js
285 silly gunzTarPerm extractEntry LICENSE
286 silly gunzTarPerm extractEntry test/illegal-yield.js
287 silly gunzTarPerm modified mode [ 'test/illegal-yield.js', 420, 438 ]
288 silly gunzTarPerm extractEntry test/pool.js
289 silly gunzTarPerm modified mode [ 'test/pool.js', 420, 438 ]
290 silly gunzTarPerm extractEntry README.md
291 silly gunzTarPerm extractEntry test/process-title.js
292 silly gunzTarPerm modified mode [ 'test/process-title.js', 420, 438 ]
293 silly gunzTarPerm extractEntry quick-test.js
294 silly gunzTarPerm modified mode [ 'quick-test.js', 420, 438 ]
295 silly gunzTarPerm extractEntry tsconfig.json
296 silly gunzTarPerm extractEntry .vscode/launch.json
297 silly gunzTarPerm extractEntry .vscode/settings.json
298 silly gunzTarPerm extractEntry test/stack-overflow.js
299 silly gunzTarPerm modified mode [ 'test/stack-overflow.js', 420, 438 ]
300 silly gunzTarPerm extractEntry test/stack-overflow2.js
301 silly gunzTarPerm modified mode [ 'test/stack-overflow2.js', 493, 511 ]
302 silly gunzTarPerm extractEntry .vscode/tasks.json
303 silly gunzTarPerm extractEntry comparison/benchmark.js
304 silly gunzTarPerm extractEntry comparison/countFiles/countFiles-async.js
305 silly gunzTarPerm extractEntry comparison/countFiles/countFiles-asyncawait.js
306 silly gentlyRm C:\Users\daksoy\OneDrive - Amadeus Workplace\Desktop\extension\node_modules\.staging\detect-libc-905bf450\node_modules is being purged
307 verbose gentlyRm don't care about contents; nuking C:\Users\daksoy\OneDrive - Amadeus Workplace\Desktop\extension\node_modules\.staging\detect-libc-905bf450\node_modules
308 silly gunzTarPerm extractEntry test/started.js
309 silly gunzTarPerm modified mode [ 'test/started.js', 420, 438 ]
310 silly gunzTarPerm extractEntry test.js
311 silly gunzTarPerm modified mode [ 'test.js', 493, 511 ]
312 silly gunzTarPerm extractEntry comparison/countFiles/countFiles-bluebird.js
313 silly gunzTarPerm extractEntry comparison/countFiles/countFiles-callbacks.js
314 silly gunzTarPerm extractEntry comparison/countFiles/countFiles-co.js
315 silly gunzTarPerm extractEntry comparison/countFiles/countFiles-synchronous.js
316 silly gunzTarPerm extractEntry comparison/fibonacci/fibonacci-async.js
317 silly gunzTarPerm extractEntry comparison/fibonacci/fibonacci-asyncawait.js
318 silly gunzTarPerm extractEntry comparison/fibonacci/fibonacci-bluebird.js
319 silly gunzTarPerm extractEntry comparison/fibonacci/fibonacci-callbacks.js
320 silly gunzTarPerm extractEntry comparison/fibonacci/fibonacci-co.js
321 silly gunzTarPerm extractEntry comparison/fibonacci/fibonacci-synchronous.js
322 silly gunzTarPerm extractEntry comparison/largest/largest-async.js
323 silly gunzTarPerm extractEntry comparison/largest/largest-asyncawait-iterators.js
324 silly gunzTarPerm extractEntry comparison/largest/largest-asyncawait.js
325 silly gunzTarPerm extractEntry comparison/largest/largest-asyncx.js
326 silly gunzTarPerm extractEntry comparison/largest/largest-bluebird.js
327 silly gunzTarPerm extractEntry comparison/largest/largest-callbacks.js
328 silly gunzTarPerm extractEntry test/unwind.js
329 silly gunzTarPerm modified mode [ 'test/unwind.js', 420, 438 ]
330 silly gunzTarPerm extractEntry package.json
331 silly gunzTarPerm modified mode [ 'package.json', 420, 438 ]
332 silly gunzTarPerm extractEntry comparison/largest/largest-co.js
333 silly gunzTarPerm extractEntry comparison/largest/largest-synchronous.js
334 silly gunzTarPerm extractEntry ISSUE_TEMPLATE.md
335 silly gunzTarPerm modified mode [ 'ISSUE_TEMPLATE.md', 420, 438 ]
336 silly gunzTarPerm extractEntry README.md
337 silly gunzTarPerm modified mode [ 'README.md', 420, 438 ]
338 silly gunzTarPerm extractEntry comparison/mockfs.js
339 silly gunzTarPerm extractEntry comparison/README.md
340 silly gunzTarPerm extractEntry bin/darwin-x64-64/fibers.node
341 silly gunzTarPerm modified mode [ 'bin/darwin-x64-64/fibers.node', 493, 511 ]
342 silly gunzTarPerm extractEntry bin/darwin-x64-72/fibers.node
343 silly gunzTarPerm modified mode [ 'bin/darwin-x64-72/fibers.node', 493, 511 ]
344 silly gunzTarPerm extractEntry examples/asyncMod.js
345 silly gunzTarPerm extractEntry examples/awaitTop.js
346 silly gunzTarPerm extractEntry bin/linux-ia32-64-glibc/fibers.node
347 silly gunzTarPerm modified mode [ 'bin/linux-ia32-64-glibc/fibers.node', 493, 511 ]
348 silly gunzTarPerm extractEntry examples/basic.js
349 silly gunzTarPerm extractEntry examples/countFiles.js
350 silly gunzTarPerm extractEntry bin/linux-ia32-72-glibc/fibers.node
351 silly gunzTarPerm modified mode [ 'bin/linux-ia32-72-glibc/fibers.node', 493, 511 ]
352 silly gunzTarPerm extractEntry bin/linux-x64-64-glibc/fibers.node
353 silly gunzTarPerm modified mode [ 'bin/linux-x64-64-glibc/fibers.node', 493, 511 ]
354 silly gunzTarPerm extractEntry examples/descendentFilePaths.js
355 silly gunzTarPerm extractEntry examples/examples.njsproj
356 silly gunzTarPerm extractEntry bin/linux-x64-64-musl/fibers.node
357 silly gunzTarPerm modified mode [ 'bin/linux-x64-64-musl/fibers.node', 493, 511 ]
358 silly gunzTarPerm extractEntry examples/interleaved.js
359 silly gunzTarPerm extractEntry examples/iteration.js
360 silly gunzTarPerm extractEntry bin/linux-x64-72-glibc/fibers.node
361 silly gunzTarPerm modified mode [ 'bin/linux-x64-72-glibc/fibers.node', 493, 511 ]
362 silly gunzTarPerm extractEntry bin/linux-x64-72-musl/fibers.node
363 silly gunzTarPerm modified mode [ 'bin/linux-x64-72-musl/fibers.node', 493, 511 ]
364 silly gunzTarPerm extractEntry bin/win32-ia32-64/fibers.node
365 silly gunzTarPerm modified mode [ 'bin/win32-ia32-64/fibers.node', 493, 511 ]
366 silly gunzTarPerm extractEntry examples/package.json
367 silly gunzTarPerm extractEntry examples/parallel.js
368 silly gunzTarPerm extractEntry bin/win32-ia32-72/fibers.node
369 silly gunzTarPerm modified mode [ 'bin/win32-ia32-72/fibers.node', 493, 511 ]
370 silly gunzTarPerm extractEntry src/async/asyncIterator.js
371 silly gunzTarPerm extractEntry src/async/asyncIterator.ts
372 silly gunzTarPerm extractEntry bin/win32-x64-64/fibers.node
373 silly gunzTarPerm modified mode [ 'bin/win32-x64-64/fibers.node', 493, 511 ]
374 silly gunzTarPerm extractEntry src/async/config.js
375 silly gunzTarPerm extractEntry src/async/config.ts
376 silly gunzTarPerm extractEntry bin/win32-x64-72/fibers.node
377 silly gunzTarPerm modified mode [ 'bin/win32-x64-72/fibers.node', 493, 511 ]
378 silly gunzTarPerm extractEntry src/async/defer.js
379 silly gunzTarPerm extractEntry src/async/defer.ts
380 silly gunzTarPerm extractEntry .travis.yml
381 silly gunzTarPerm modified mode [ '.travis.yml', 420, 438 ]
382 silly gunzTarPerm extractEntry src/async/fiberManager.js
383 silly gunzTarPerm extractEntry src/async/fiberManager.ts
384 silly gunzTarPerm extractEntry src/async/index.js
385 silly gunzTarPerm extractEntry src/async/index.ts
386 silly gunzTarPerm extractEntry src/async/makeAsyncFunc.js
387 silly gunzTarPerm extractEntry src/async/makeAsyncFunc.ts
388 silly gunzTarPerm extractEntry src/async/runContext.js
389 silly gunzTarPerm extractEntry src/async/runContext.ts
390 silly gunzTarPerm extractEntry src/async/semaphore.js
391 silly gunzTarPerm extractEntry src/async/semaphore.ts
392 silly gunzTarPerm extractEntry src/await/index.js
393 silly gunzTarPerm extractEntry src/await/index.ts
394 silly gunzTarPerm extractEntry src/await/makeAwaitFunc.js
395 silly gunzTarPerm extractEntry src/await/makeAwaitFunc.ts
396 silly gunzTarPerm extractEntry src/fibers.js
397 silly gunzTarPerm extractEntry src/fibers.ts
398 silly gunzTarPerm extractEntry src/types.d.ts
399 silly gunzTarPerm extractEntry src/typings/bluebird/bluebird.d.ts
400 silly gunzTarPerm extractEntry src/typings/chai/chai.d.ts
401 silly gunzTarPerm extractEntry src/typings/lodash/lodash.d.ts
402 silly gunzTarPerm extractEntry src/typings/mocha/mocha.d.ts
403 silly gunzTarPerm extractEntry src/typings/node-fibers/node-fibers.d.ts
404 silly gunzTarPerm extractEntry src/typings/node/node.d.ts
405 silly gunzTarPerm extractEntry test/async.cps.js
406 silly gunzTarPerm extractEntry test/async.cps.ts
407 silly gunzTarPerm extractEntry test/async.iterable.js
408 silly gunzTarPerm extractEntry test/async.iterable.ts
409 silly gunzTarPerm extractEntry test/async.js
410 silly gunzTarPerm extractEntry test/async.thunk.js
411 silly gunzTarPerm extractEntry test/async.thunk.ts
412 silly gunzTarPerm extractEntry test/async.ts
413 silly gunzTarPerm extractEntry test/await.js
414 silly gunzTarPerm extractEntry test/await.ts
415 silly gunzTarPerm extractEntry test/repros.js
416 silly gunzTarPerm extractEntry test/repros.ts
417 silly gentlyRm C:\Users\daksoy\OneDrive - Amadeus Workplace\Desktop\extension\node_modules\.staging\fibers-babcab2a\node_modules is being purged
418 verbose gentlyRm don't care about contents; nuking C:\Users\daksoy\OneDrive - Amadeus Workplace\Desktop\extension\node_modules\.staging\fibers-babcab2a\node_modules
419 silly gentlyRm C:\Users\daksoy\OneDrive - Amadeus Workplace\Desktop\extension\node_modules\.staging\asyncawait-af33c38b\node_modules is being purged
420 verbose gentlyRm don't care about contents; nuking C:\Users\daksoy\OneDrive - Amadeus Workplace\Desktop\extension\node_modules\.staging\asyncawait-af33c38b\node_modules
421 silly doParallel preinstall 3
422 silly preinstall detect-libc@1.0.3 C:\Users\daksoy\OneDrive - Amadeus Workplace\Desktop\extension\node_modules\.staging\detect-libc-905bf450
423 info lifecycle detect-libc@1.0.3~preinstall: detect-libc@1.0.3
424 silly preinstall fibers@4.0.3 C:\Users\daksoy\OneDrive - Amadeus Workplace\Desktop\extension\node_modules\.staging\fibers-babcab2a
425 info lifecycle fibers@4.0.3~preinstall: fibers@4.0.3
426 silly preinstall asyncawait@3.0.0 C:\Users\daksoy\OneDrive - Amadeus Workplace\Desktop\extension\node_modules\.staging\asyncawait-af33c38b
427 info lifecycle asyncawait@3.0.0~preinstall: asyncawait@3.0.0
428 silly lifecycle detect-libc@1.0.3~preinstall: no script for preinstall, continuing
429 silly lifecycle fibers@4.0.3~preinstall: no script for preinstall, continuing
430 silly lifecycle asyncawait@3.0.0~preinstall: no script for preinstall, continuing
431 silly doReverseSerial remove 0
432 silly doSerial move 0
433 silly doSerial finalize 3
434 silly finalize C:\Users\daksoy\OneDrive - Amadeus Workplace\Desktop\extension\node_modules\detect-libc
435 silly finalize C:\Users\daksoy\OneDrive - Amadeus Workplace\Desktop\extension\node_modules\fibers
436 silly finalize C:\Users\daksoy\OneDrive - Amadeus Workplace\Desktop\extension\node_modules\asyncawait
437 silly doSerial build 3
438 silly build detect-libc@1.0.3
439 info linkStuff detect-libc@1.0.3
440 silly linkStuff detect-libc@1.0.3 has C:\Users\daksoy\OneDrive - Amadeus Workplace\Desktop\extension\node_modules as its parent node_modules
441 verbose linkBins detect-libc@1.0.3
442 verbose link bins [ { 'detect-libc': './bin/detect-libc.js' },
442 verbose link bins   'C:\\Users\\daksoy\\OneDrive - Amadeus Workplace\\Desktop\\extension\\node_modules\\.bin',
442 verbose link bins   false ]
443 verbose linkMans detect-libc@1.0.3
444 silly build fibers@4.0.3
445 info linkStuff fibers@4.0.3
446 silly linkStuff fibers@4.0.3 has C:\Users\daksoy\OneDrive - Amadeus Workplace\Desktop\extension\node_modules as its parent node_modules
447 verbose linkBins fibers@4.0.3
448 verbose linkMans fibers@4.0.3
449 silly build asyncawait@3.0.0
450 info linkStuff asyncawait@3.0.0
451 silly linkStuff asyncawait@3.0.0 has C:\Users\daksoy\OneDrive - Amadeus Workplace\Desktop\extension\node_modules as its parent node_modules
452 verbose linkBins asyncawait@3.0.0
453 verbose linkMans asyncawait@3.0.0
454 silly doSerial global-link 0
455 silly doParallel update-linked 0
456 silly doSerial install 3
457 silly install detect-libc@1.0.3 C:\Users\daksoy\OneDrive - Amadeus Workplace\Desktop\extension\node_modules\.staging\detect-libc-905bf450
458 info lifecycle detect-libc@1.0.3~install: detect-libc@1.0.3
459 silly lifecycle detect-libc@1.0.3~install: no script for install, continuing
460 silly install fibers@4.0.3 C:\Users\daksoy\OneDrive - Amadeus Workplace\Desktop\extension\node_modules\.staging\fibers-babcab2a
461 info lifecycle fibers@4.0.3~install: fibers@4.0.3
462 verbose lifecycle fibers@4.0.3~install: unsafe-perm in lifecycle true
463 verbose lifecycle fibers@4.0.3~install: PATH: C:\Program Files\nodejs\node_modules\npm\bin\node-gyp-bin;C:\Users\daksoy\OneDrive - Amadeus Workplace\Desktop\extension\node_modules\fibers\node_modules\.bin;C:\Users\daksoy\OneDrive - Amadeus Workplace\Desktop\extension\node_modules\.bin;C:\app\product\11.2.0\client_1\bin;C:\ProgramData\Oracle\Java\javapath;C:\windows\system32;C:\windows;C:\windows\System32\Wbem;C:\windows\System32\WindowsPowerShell\v1.0\;C:\windows\System32\OpenSSH\;C:\Program Files\nodejs\;C:\Users\daksoy\AppData\Local\Microsoft\WindowsApps;C:\Users\daksoy\OneDrive - Amadeus Workplace\Microsoft VS Code\bin;C:\Users\daksoy\AppData\Local\Programs\Git\cmd
464 verbose lifecycle fibers@4.0.3~install: CWD: C:\Users\daksoy\OneDrive - Amadeus Workplace\Desktop\extension\node_modules\fibers
465 silly lifecycle fibers@4.0.3~install: Args: [ '/d /s /c', 'node build.js || nodejs build.js' ]
466 silly lifecycle fibers@4.0.3~install: Returned: code: 1  signal: null
467 info lifecycle fibers@4.0.3~install: Failed to exec install script
468 verbose unlock done using C:\Users\daksoy\AppData\Roaming\npm-cache\_locks\staging-3073834e436e5b94.lock for C:\Users\daksoy\OneDrive - Amadeus Workplace\Desktop\extension\node_modules\.staging
469 silly rollbackFailedOptional Starting
470 silly rollbackFailedOptional Finishing
471 silly runTopLevelLifecycles Finishing
472 silly install printInstalled
473 warn extension@1.0.0 No description
474 verbose If you need help, you may report this error at:
474 verbose     <https://github.com/npm/npm/issues>
475 warn extension@1.0.0 No repository field.
476 verbose If you need help, you may report this error at:
476 verbose     <https://github.com/npm/npm/issues>
477 verbose stack Error: fibers@4.0.3 install: `node build.js || nodejs build.js`
477 verbose stack Exit status 1
477 verbose stack     at EventEmitter.<anonymous> (C:\Program Files\nodejs\node_modules\npm\lib\utils\lifecycle.js:255:16)
477 verbose stack     at emitTwo (events.js:106:13)
477 verbose stack     at EventEmitter.emit (events.js:191:7)
477 verbose stack     at ChildProcess.<anonymous> (C:\Program Files\nodejs\node_modules\npm\lib\utils\spawn.js:40:14)
477 verbose stack     at emitTwo (events.js:106:13)
477 verbose stack     at ChildProcess.emit (events.js:191:7)
477 verbose stack     at maybeClose (internal/child_process.js:920:16)
477 verbose stack     at Process.ChildProcess._handle.onexit (internal/child_process.js:230:5)
478 verbose pkgid fibers@4.0.3
479 verbose cwd C:\Users\daksoy\OneDrive - Amadeus Workplace\Desktop\extension
480 error Windows_NT 10.0.19042
481 error argv "C:\\Program Files\\nodejs\\node.exe" "C:\\Program Files\\nodejs\\node_modules\\npm\\bin\\npm-cli.js" "install" "--save" "asyncawait"
482 error node v6.11.3
483 error npm  v3.10.10
484 error code ELIFECYCLE
485 error fibers@4.0.3 install: `node build.js || nodejs build.js`
485 error Exit status 1
486 error Failed at the fibers@4.0.3 install script 'node build.js || nodejs build.js'.
486 error Make sure you have the latest version of node.js and npm installed.
486 error If you do, this is most likely a problem with the fibers package,
486 error not with npm itself.
486 error Tell the author that this fails on your system:
486 error     node build.js || nodejs build.js
486 error You can get information on how to open an issue for this project with:
486 error     npm bugs fibers
486 error Or if that isn't available, you can get their info via:
486 error     npm owner ls fibers
486 error There is likely additional logging output above.
487 verbose exit [ 1, true ]
